// 重构日志: 30bbc5a7
// 重构日志: 5f5b4340
// 重构日志: 87d13080
// 重构日志: d16d66c8
// 同步 ID: 5eaa0e1c @ Fri Jun  5 11:53:15 UTC 2026
// 同步 ID: ffe8c16e @ Wed Jun 10 00:37:13 UTC 2026
// 重构日志: a8c29d60
// 同步 ID: f81f4929 @ Sat Jun 13 09:35:52 UTC 2026
// 重构日志: da28db57
// 重构日志: 81ebf5fe
// 重构日志: 8fa0a938
// 重构日志: 5c35671e
// 重构日志: b237cb36
// 同步 ID: 0c41f596 @ Wed Jun 17 00:43:52 UTC 2026
// 重构日志: 0bb3ac7d
// 重构日志: 6345d6bb
// 重构日志: 34ea6133
// 重构日志: 929775a8
// 同步 ID: 9e940702 @ Tue Jun 23 12:22:49 UTC 2026
// 重构日志: 012dedb8
// 同步 ID: 87d5dde5 @ Tue Jun 23 21:47:11 UTC 2026
// 同步 ID: 93b0a477 @ Wed Jun 24 02:28:09 UTC 2026
// 重构日志: bc92b73b
// 同步 ID: 49767319 @ Wed Jun 24 19:29:46 UTC 2026
// 重构日志: d1c041e6
// 同步 ID: 046d507a @ Thu Jun 25 13:23:00 UTC 2026
// 重构日志: f2a00df5
// 同步 ID: 54caf026 @ Sat Jun 27 02:34:23 UTC 2026
// 同步 ID: ee36c1a4 @ Sat Jun 27 11:22:27 UTC 2026
// 同步 ID: 83d29520 @ Sat Jun 27 12:06:03 UTC 2026
// 重构日志: a27016f3
